[1.370s] Invoking command in '/home/channaveer/Project/src/ur_keyboard_teleop': PYTHONPATH=/home/channaveer/Project/build/ur_keyboard_teleop/prefix_override:/usr/lib/python3/dist-packages/colcon_core/task/python/colcon_distutils_commands:/home/channaveer/Project/install/ur_keyboard_teleop/lib/python3.10/site-packages:${PYTHONPATH} /usr/bin/python3 -W ignore:setup.py install is deprecated -W ignore:easy_install command is deprecated setup.py egg_info --egg-base ../../build/ur_keyboard_teleop build --build-base /home/channaveer/Project/build/ur_keyboard_teleop/build install --record /home/channaveer/Project/build/ur_keyboard_teleop/install.log --single-version-externally-managed install_data
[1.591s] running egg_info
[1.592s] writing ../../build/ur_keyboard_teleop/ur_keyboard_teleop.egg-info/PKG-INFO
[1.592s] writing dependency_links to ../../build/ur_keyboard_teleop/ur_keyboard_teleop.egg-info/dependency_links.txt
[1.593s] writing entry points to ../../build/ur_keyboard_teleop/ur_keyboard_teleop.egg-info/entry_points.txt
[1.593s] writing requirements to ../../build/ur_keyboard_teleop/ur_keyboard_teleop.egg-info/requires.txt
[1.593s] writing top-level names to ../../build/ur_keyboard_teleop/ur_keyboard_teleop.egg-info/top_level.txt
[1.598s] reading manifest file '../../build/ur_keyboard_teleop/ur_keyboard_teleop.egg-info/SOURCES.txt'
[1.600s] writing manifest file '../../build/ur_keyboard_teleop/ur_keyboard_teleop.egg-info/SOURCES.txt'
[1.600s] running build
[1.600s] running build_py
[1.600s] running install
[1.601s] running install_lib
[1.603s] running install_data
[1.603s] running install_egg_info
[1.605s] removing '/home/channaveer/Project/install/ur_keyboard_teleop/lib/python3.10/site-packages/ur_keyboard_teleop-0.0.1-py3.10.egg-info' (and everything under it)
[1.605s] Copying ../../build/ur_keyboard_teleop/ur_keyboard_teleop.egg-info to /home/channaveer/Project/install/ur_keyboard_teleop/lib/python3.10/site-packages/ur_keyboard_teleop-0.0.1-py3.10.egg-info
[1.607s] running install_scripts
[1.619s] Installing keyboard_command_processor script to /home/channaveer/Project/install/ur_keyboard_teleop/lib/ur_keyboard_teleop
[1.620s] writing list of installed files to '/home/channaveer/Project/build/ur_keyboard_teleop/install.log'
[1.665s] Invoked command in '/home/channaveer/Project/src/ur_keyboard_teleop' returned '0': PYTHONPATH=/home/channaveer/Project/build/ur_keyboard_teleop/prefix_override:/usr/lib/python3/dist-packages/colcon_core/task/python/colcon_distutils_commands:/home/channaveer/Project/install/ur_keyboard_teleop/lib/python3.10/site-packages:${PYTHONPATH} /usr/bin/python3 -W ignore:setup.py install is deprecated -W ignore:easy_install command is deprecated setup.py egg_info --egg-base ../../build/ur_keyboard_teleop build --build-base /home/channaveer/Project/build/ur_keyboard_teleop/build install --record /home/channaveer/Project/build/ur_keyboard_teleop/install.log --single-version-externally-managed install_data
