[0.033s] Invoking command in '/home/channaveer/Project/build/ur_description': CMAKE_PREFIX_PATH=${CMAKE_PREFIX_PATH}:/home/channaveer/Project/install/ur_keyboard_teleop:/home/channaveer/Project/install/rqt_joint_trajectory_controller:/home/channaveer/Project/install/ros2_controllers_test_nodes:/opt/ros/humble /usr/bin/cmake /home/channaveer/Project/src/Universal_Robots_ROS2_Description -DCMAKE_INSTALL_PREFIX=/home/channaveer/Project/install/ur_description
[0.454s] -- The C compiler identification is GNU 11.4.0
[0.843s] -- The CXX compiler identification is GNU 11.4.0
[0.897s] -- Detecting C compiler ABI info
[1.041s] -- Detecting C compiler ABI info - done
[1.070s] -- Check for working C compiler: /usr/bin/cc - skipped
[1.076s] -- Detecting C compile features
[1.088s] -- Detecting C compile features - done
[1.091s] -- Detecting CXX compiler ABI info
[1.269s] -- Detecting CXX compiler ABI info - done
[1.275s] -- Check for working CXX compiler: /usr/bin/c++ - skipped
[1.276s] -- Detecting CXX compile features
[1.291s] -- Detecting CXX compile features - done
[1.296s] -- Found ament_cmake: 1.3.11 (/opt/ros/humble/share/ament_cmake/cmake)
[1.480s] -- Found Python3: /usr/bin/python3 (found version "3.10.12") found components: Interpreter 
[1.731s] -- Found ament_cmake_pytest: 1.3.11 (/opt/ros/humble/share/ament_cmake_pytest/cmake)
[3.653s] -- Configuring done
[3.678s] -- Generating done
[3.678s] -- Build files have been written to: /home/channaveer/Project/build/ur_description
[3.682s] Invoked command in '/home/channaveer/Project/build/ur_description' returned '0': CMAKE_PREFIX_PATH=${CMAKE_PREFIX_PATH}:/home/channaveer/Project/install/ur_keyboard_teleop:/home/channaveer/Project/install/rqt_joint_trajectory_controller:/home/channaveer/Project/install/ros2_controllers_test_nodes:/opt/ros/humble /usr/bin/cmake /home/channaveer/Project/src/Universal_Robots_ROS2_Description -DCMAKE_INSTALL_PREFIX=/home/channaveer/Project/install/ur_description
[3.683s] Invoking command in '/home/channaveer/Project/build/ur_description': CMAKE_PREFIX_PATH=${CMAKE_PREFIX_PATH}:/home/channaveer/Project/install/ur_keyboard_teleop:/home/channaveer/Project/install/rqt_joint_trajectory_controller:/home/channaveer/Project/install/ros2_controllers_test_nodes:/opt/ros/humble /usr/bin/cmake --build /home/channaveer/Project/build/ur_description -- -j8 -l8
[3.810s] Invoked command in '/home/channaveer/Project/build/ur_description' returned '0': CMAKE_PREFIX_PATH=${CMAKE_PREFIX_PATH}:/home/channaveer/Project/install/ur_keyboard_teleop:/home/channaveer/Project/install/rqt_joint_trajectory_controller:/home/channaveer/Project/install/ros2_controllers_test_nodes:/opt/ros/humble /usr/bin/cmake --build /home/channaveer/Project/build/ur_description -- -j8 -l8
[3.852s] Invoking command in '/home/channaveer/Project/build/ur_description': CMAKE_PREFIX_PATH=${CMAKE_PREFIX_PATH}:/home/channaveer/Project/install/ur_keyboard_teleop:/home/channaveer/Project/install/rqt_joint_trajectory_controller:/home/channaveer/Project/install/ros2_controllers_test_nodes:/opt/ros/humble /usr/bin/cmake --install /home/channaveer/Project/build/ur_description
[3.867s] -- Install configuration: ""
[3.867s] -- Installing: /home/channaveer/Project/install/ur_description/share/ur_description/config
[3.868s] -- Installing: /home/channaveer/Project/install/ur_description/share/ur_description/config/ur5
[3.870s] -- Installing: /home/channaveer/Project/install/ur_description/share/ur_description/config/ur5/default_kinematics.yaml
[3.870s] -- Installing: /home/channaveer/Project/install/ur_description/share/ur_description/config/ur5/visual_parameters.yaml
[3.870s] -- Installing: /home/channaveer/Project/install/ur_description/share/ur_description/config/ur5/joint_limits.yaml
[3.871s] -- Installing: /home/channaveer/Project/install/ur_description/share/ur_description/config/ur5/physical_parameters.yaml
[3.871s] -- Installing: /home/channaveer/Project/install/ur_description/share/ur_description/config/ur16e
[3.872s] -- Installing: /home/channaveer/Project/install/ur_description/share/ur_description/config/ur16e/default_kinematics.yaml
[3.873s] -- Installing: /home/channaveer/Project/install/ur_description/share/ur_description/config/ur16e/visual_parameters.yaml
[3.873s] -- Installing: /home/channaveer/Project/install/ur_description/share/ur_description/config/ur16e/joint_limits.yaml
[3.874s] -- Installing: /home/channaveer/Project/install/ur_description/share/ur_description/config/ur16e/physical_parameters.yaml
[3.874s] -- Installing: /home/channaveer/Project/install/ur_description/share/ur_description/config/ur20
[3.875s] -- Installing: /home/channaveer/Project/install/ur_description/share/ur_description/config/ur20/default_kinematics.yaml
[3.875s] -- Installing: /home/channaveer/Project/install/ur_description/share/ur_description/config/ur20/visual_parameters.yaml
[3.876s] -- Installing: /home/channaveer/Project/install/ur_description/share/ur_description/config/ur20/joint_limits.yaml
[3.876s] -- Installing: /home/channaveer/Project/install/ur_description/share/ur_description/config/ur20/physical_parameters.yaml
[3.877s] -- Installing: /home/channaveer/Project/install/ur_description/share/ur_description/config/ur7e
[3.877s] -- Installing: /home/channaveer/Project/install/ur_description/share/ur_description/config/ur7e/default_kinematics.yaml
[3.877s] -- Installing: /home/channaveer/Project/install/ur_description/share/ur_description/config/ur7e/visual_parameters.yaml
[3.878s] -- Installing: /home/channaveer/Project/install/ur_description/share/ur_description/config/ur7e/joint_limits.yaml
[3.878s] -- Installing: /home/channaveer/Project/install/ur_description/share/ur_description/config/ur7e/physical_parameters.yaml
[3.879s] -- Installing: /home/channaveer/Project/install/ur_description/share/ur_description/config/ur5e
[3.879s] -- Installing: /home/channaveer/Project/install/ur_description/share/ur_description/config/ur5e/default_kinematics.yaml
[3.880s] -- Installing: /home/channaveer/Project/install/ur_description/share/ur_description/config/ur5e/visual_parameters.yaml
[3.880s] -- Installing: /home/channaveer/Project/install/ur_description/share/ur_description/config/ur5e/joint_limits.yaml
[3.881s] -- Installing: /home/channaveer/Project/install/ur_description/share/ur_description/config/ur5e/physical_parameters.yaml
[3.881s] -- Installing: /home/channaveer/Project/install/ur_description/share/ur_description/config/ur10
[3.882s] -- Installing: /home/channaveer/Project/install/ur_description/share/ur_description/config/ur10/default_kinematics.yaml
[3.882s] -- Installing: /home/channaveer/Project/install/ur_description/share/ur_description/config/ur10/visual_parameters.yaml
[3.882s] -- Installing: /home/channaveer/Project/install/ur_description/share/ur_description/config/ur10/joint_limits.yaml
[3.903s] -- Installing: /home/channaveer/Project/install/ur_description/share/ur_description/config/ur10/physical_parameters.yaml
[3.999s] -- Installing: /home/channaveer/Project/install/ur_description/share/ur_description/config/ur3e
[4.000s] -- Installing: /home/channaveer/Project/install/ur_description/share/ur_description/config/ur3e/default_kinematics.yaml
[4.000s] -- Installing: /home/channaveer/Project/install/ur_description/share/ur_description/config/ur3e/visual_parameters.yaml
[4.000s] -- Installing: /home/channaveer/Project/install/ur_description/share/ur_description/config/ur3e/joint_limits.yaml
[4.000s] -- Installing: /home/channaveer/Project/install/ur_description/share/ur_description/config/ur3e/physical_parameters.yaml
[4.000s] -- Installing: /home/channaveer/Project/install/ur_description/share/ur_description/config/initial_positions.yaml
[4.000s] -- Installing: /home/channaveer/Project/install/ur_description/share/ur_description/config/ur30
[4.001s] -- Installing: /home/channaveer/Project/install/ur_description/share/ur_description/config/ur30/default_kinematics.yaml
[4.001s] -- Installing: /home/channaveer/Project/install/ur_description/share/ur_description/config/ur30/visual_parameters.yaml
[4.001s] -- Installing: /home/channaveer/Project/install/ur_description/share/ur_description/config/ur30/joint_limits.yaml
[4.001s] -- Installing: /home/channaveer/Project/install/ur_description/share/ur_description/config/ur30/physical_parameters.yaml
[4.001s] -- Installing: /home/channaveer/Project/install/ur_description/share/ur_description/config/ur12e
[4.001s] -- Installing: /home/channaveer/Project/install/ur_description/share/ur_description/config/ur12e/default_kinematics.yaml
[4.001s] -- Installing: /home/channaveer/Project/install/ur_description/share/ur_description/config/ur12e/visual_parameters.yaml
[4.002s] -- Installing: /home/channaveer/Project/install/ur_description/share/ur_description/config/ur12e/joint_limits.yaml
[4.002s] -- Installing: /home/channaveer/Project/install/ur_description/share/ur_description/config/ur12e/physical_parameters.yaml
[4.002s] -- Installing: /home/channaveer/Project/install/ur_description/share/ur_description/config/ur10e
[4.003s] -- Installing: /home/channaveer/Project/install/ur_description/share/ur_description/config/ur10e/default_kinematics.yaml
[4.003s] -- Installing: /home/channaveer/Project/install/ur_description/share/ur_description/config/ur10e/visual_parameters.yaml
[4.004s] -- Installing: /home/channaveer/Project/install/ur_description/share/ur_description/config/ur10e/joint_limits.yaml
[4.004s] -- Installing: /home/channaveer/Project/install/ur_description/share/ur_description/config/ur10e/physical_parameters.yaml
[4.005s] -- Installing: /home/channaveer/Project/install/ur_description/share/ur_description/config/ur3
[4.005s] -- Installing: /home/channaveer/Project/install/ur_description/share/ur_description/config/ur3/default_kinematics.yaml
[4.006s] -- Installing: /home/channaveer/Project/install/ur_description/share/ur_description/config/ur3/visual_parameters.yaml
[4.007s] -- Installing: /home/channaveer/Project/install/ur_description/share/ur_description/config/ur3/joint_limits.yaml
[4.007s] -- Installing: /home/channaveer/Project/install/ur_description/share/ur_description/config/ur3/physical_parameters.yaml
[4.008s] -- Installing: /home/channaveer/Project/install/ur_description/share/ur_description/launch
[4.008s] -- Installing: /home/channaveer/Project/install/ur_description/share/ur_description/launch/view_ur.launch.py
[4.008s] -- Installing: /home/channaveer/Project/install/ur_description/share/ur_description/meshes
[4.008s] -- Installing: /home/channaveer/Project/install/ur_description/share/ur_description/meshes/ur5
[4.010s] -- Installing: /home/channaveer/Project/install/ur_description/share/ur_description/meshes/ur5/collision
[4.010s] -- Installing: /home/channaveer/Project/install/ur_description/share/ur_description/meshes/ur5/collision/forearm.stl
[4.011s] -- Installing: /home/channaveer/Project/install/ur_description/share/ur_description/meshes/ur5/collision/wrist2.stl
[4.011s] -- Installing: /home/channaveer/Project/install/ur_description/share/ur_description/meshes/ur5/collision/base.stl
[4.012s] -- Installing: /home/channaveer/Project/install/ur_description/share/ur_description/meshes/ur5/collision/wrist1.stl
[4.013s] -- Installing: /home/channaveer/Project/install/ur_description/share/ur_description/meshes/ur5/collision/upperarm.stl
[4.017s] -- Installing: /home/channaveer/Project/install/ur_description/share/ur_description/meshes/ur5/collision/wrist3.stl
[4.049s] -- Installing: /home/channaveer/Project/install/ur_description/share/ur_description/meshes/ur5/collision/shoulder.stl
[4.062s] -- Installing: /home/channaveer/Project/install/ur_description/share/ur_description/meshes/ur5/visual
[4.062s] -- Installing: /home/channaveer/Project/install/ur_description/share/ur_description/meshes/ur5/visual/wrist2.dae
[4.064s] -- Installing: /home/channaveer/Project/install/ur_description/share/ur_description/meshes/ur5/visual/wrist3.dae
[4.067s] -- Installing: /home/channaveer/Project/install/ur_description/share/ur_description/meshes/ur5/visual/forearm.dae
[4.113s] -- Installing: /home/channaveer/Project/install/ur_description/share/ur_description/meshes/ur5/visual/shoulder.dae
[4.133s] -- Installing: /home/channaveer/Project/install/ur_description/share/ur_description/meshes/ur5/visual/base.dae
[4.136s] -- Installing: /home/channaveer/Project/install/ur_description/share/ur_description/meshes/ur5/visual/wrist1.dae
[4.187s] -- Installing: /home/channaveer/Project/install/ur_description/share/ur_description/meshes/ur5/visual/upperarm.dae
[4.241s] -- Installing: /home/channaveer/Project/install/ur_description/share/ur_description/meshes/ur16e
[4.245s] -- Installing: /home/channaveer/Project/install/ur_description/share/ur_description/meshes/ur16e/collision
[4.252s] -- Installing: /home/channaveer/Project/install/ur_description/share/ur_description/meshes/ur16e/collision/forearm.stl
[4.265s] -- Installing: /home/channaveer/Project/install/ur_description/share/ur_description/meshes/ur16e/collision/upperarm.stl
[4.273s] -- Installing: /home/channaveer/Project/install/ur_description/share/ur_description/meshes/ur16e/visual
[4.273s] -- Installing: /home/channaveer/Project/install/ur_description/share/ur_description/meshes/ur16e/visual/forearm.dae
[4.334s] -- Installing: /home/channaveer/Project/install/ur_description/share/ur_description/meshes/ur16e/visual/upperarm.dae
[4.416s] -- Installing: /home/channaveer/Project/install/ur_description/share/ur_description/meshes/ur20
[4.422s] -- Installing: /home/channaveer/Project/install/ur_description/share/ur_description/meshes/ur20/LICENSE.txt
[4.427s] -- Installing: /home/channaveer/Project/install/ur_description/share/ur_description/meshes/ur20/collision
[4.427s] -- Installing: /home/channaveer/Project/install/ur_description/share/ur_description/meshes/ur20/collision/forearm.stl
[4.441s] -- Installing: /home/channaveer/Project/install/ur_description/share/ur_description/meshes/ur20/collision/wrist2.stl
[4.443s] -- Installing: /home/channaveer/Project/install/ur_description/share/ur_description/meshes/ur20/collision/base.stl
[4.454s] -- Installing: /home/channaveer/Project/install/ur_description/share/ur_description/meshes/ur20/collision/wrist1.stl
[4.460s] -- Installing: /home/channaveer/Project/install/ur_description/share/ur_description/meshes/ur20/collision/upperarm.stl
[4.475s] -- Installing: /home/channaveer/Project/install/ur_description/share/ur_description/meshes/ur20/collision/wrist3.stl
[4.486s] -- Installing: /home/channaveer/Project/install/ur_description/share/ur_description/meshes/ur20/collision/shoulder.stl
[4.494s] -- Installing: /home/channaveer/Project/install/ur_description/share/ur_description/meshes/ur20/visual
[4.504s] -- Installing: /home/channaveer/Project/install/ur_description/share/ur_description/meshes/ur20/visual/wrist2.dae
[4.526s] -- Installing: /home/channaveer/Project/install/ur_description/share/ur_description/meshes/ur20/visual/UR20_DIFF_8bit_2K.png
[4.610s] -- Installing: /home/channaveer/Project/install/ur_description/share/ur_description/meshes/ur20/visual/wrist3.dae
[4.626s] -- Installing: /home/channaveer/Project/install/ur_description/share/ur_description/meshes/ur20/visual/forearm.dae
[4.676s] -- Installing: /home/channaveer/Project/install/ur_description/share/ur_description/meshes/ur20/visual/shoulder.dae
[4.693s] -- Installing: /home/channaveer/Project/install/ur_description/share/ur_description/meshes/ur20/visual/base.dae
[4.736s] -- Installing: /home/channaveer/Project/install/ur_description/share/ur_description/meshes/ur20/visual/wrist1.dae
[4.767s] -- Installing: /home/channaveer/Project/install/ur_description/share/ur_description/meshes/ur20/visual/upperarm.dae
[4.808s] -- Installing: /home/channaveer/Project/install/ur_description/share/ur_description/meshes/ur5e
[4.816s] -- Installing: /home/channaveer/Project/install/ur_description/share/ur_description/meshes/ur5e/collision
[4.825s] -- Installing: /home/channaveer/Project/install/ur_description/share/ur_description/meshes/ur5e/collision/forearm.stl
[4.849s] -- Installing: /home/channaveer/Project/install/ur_description/share/ur_description/meshes/ur5e/collision/wrist2.stl
[4.866s] -- Installing: /home/channaveer/Project/install/ur_description/share/ur_description/meshes/ur5e/collision/base.stl
[4.885s] -- Installing: /home/channaveer/Project/install/ur_description/share/ur_description/meshes/ur5e/collision/wrist1.stl
[4.899s] -- Installing: /home/channaveer/Project/install/ur_description/share/ur_description/meshes/ur5e/collision/upperarm.stl
[4.910s] -- Installing: /home/channaveer/Project/install/ur_description/share/ur_description/meshes/ur5e/collision/wrist3.stl
[4.913s] -- Installing: /home/channaveer/Project/install/ur_description/share/ur_description/meshes/ur5e/collision/shoulder.stl
[4.933s] -- Installing: /home/channaveer/Project/install/ur_description/share/ur_description/meshes/ur5e/visual
[4.967s] -- Installing: /home/channaveer/Project/install/ur_description/share/ur_description/meshes/ur5e/visual/wrist2.dae
[5.005s] -- Installing: /home/channaveer/Project/install/ur_description/share/ur_description/meshes/ur5e/visual/wrist3.dae
[5.012s] -- Installing: /home/channaveer/Project/install/ur_description/share/ur_description/meshes/ur5e/visual/forearm.dae
[5.023s] -- Installing: /home/channaveer/Project/install/ur_description/share/ur_description/meshes/ur5e/visual/shoulder.dae
[5.081s] -- Installing: /home/channaveer/Project/install/ur_description/share/ur_description/meshes/ur5e/visual/base.dae
[5.103s] -- Installing: /home/channaveer/Project/install/ur_description/share/ur_description/meshes/ur5e/visual/wrist1.dae
[5.146s] -- Installing: /home/channaveer/Project/install/ur_description/share/ur_description/meshes/ur5e/visual/upperarm.dae
[5.237s] -- Installing: /home/channaveer/Project/install/ur_description/share/ur_description/meshes/ur10
[5.240s] -- Installing: /home/channaveer/Project/install/ur_description/share/ur_description/meshes/ur10/collision
[5.240s] -- Installing: /home/channaveer/Project/install/ur_description/share/ur_description/meshes/ur10/collision/forearm.stl
[5.251s] -- Installing: /home/channaveer/Project/install/ur_description/share/ur_description/meshes/ur10/collision/wrist2.stl
[5.255s] -- Installing: /home/channaveer/Project/install/ur_description/share/ur_description/meshes/ur10/collision/base.stl
[5.259s] -- Installing: /home/channaveer/Project/install/ur_description/share/ur_description/meshes/ur10/collision/wrist1.stl
[5.265s] -- Installing: /home/channaveer/Project/install/ur_description/share/ur_description/meshes/ur10/collision/upperarm.stl
[5.272s] -- Installing: /home/channaveer/Project/install/ur_description/share/ur_description/meshes/ur10/collision/wrist3.stl
[5.273s] -- Installing: /home/channaveer/Project/install/ur_description/share/ur_description/meshes/ur10/collision/shoulder.stl
[5.286s] -- Installing: /home/channaveer/Project/install/ur_description/share/ur_description/meshes/ur10/visual
[5.286s] -- Installing: /home/channaveer/Project/install/ur_description/share/ur_description/meshes/ur10/visual/wrist2.dae
[5.311s] -- Installing: /home/channaveer/Project/install/ur_description/share/ur_description/meshes/ur10/visual/wrist3.dae
[5.316s] -- Installing: /home/channaveer/Project/install/ur_description/share/ur_description/meshes/ur10/visual/forearm.dae
[5.335s] -- Installing: /home/channaveer/Project/install/ur_description/share/ur_description/meshes/ur10/visual/shoulder.dae
[5.371s] -- Installing: /home/channaveer/Project/install/ur_description/share/ur_description/meshes/ur10/visual/base.dae
[5.382s] -- Installing: /home/channaveer/Project/install/ur_description/share/ur_description/meshes/ur10/visual/wrist1.dae
[5.427s] -- Installing: /home/channaveer/Project/install/ur_description/share/ur_description/meshes/ur10/visual/upperarm.dae
[5.473s] -- Installing: /home/channaveer/Project/install/ur_description/share/ur_description/meshes/ur3e
[5.477s] -- Installing: /home/channaveer/Project/install/ur_description/share/ur_description/meshes/ur3e/collision
[5.480s] -- Installing: /home/channaveer/Project/install/ur_description/share/ur_description/meshes/ur3e/collision/forearm.stl
[5.491s] -- Installing: /home/channaveer/Project/install/ur_description/share/ur_description/meshes/ur3e/collision/wrist2.stl
[5.493s] -- Installing: /home/channaveer/Project/install/ur_description/share/ur_description/meshes/ur3e/collision/base.stl
[5.499s] -- Installing: /home/channaveer/Project/install/ur_description/share/ur_description/meshes/ur3e/collision/wrist1.stl
[5.515s] -- Installing: /home/channaveer/Project/install/ur_description/share/ur_description/meshes/ur3e/collision/upperarm.stl
[5.526s] -- Installing: /home/channaveer/Project/install/ur_description/share/ur_description/meshes/ur3e/collision/wrist3.stl
[5.546s] -- Installing: /home/channaveer/Project/install/ur_description/share/ur_description/meshes/ur3e/collision/shoulder.stl
[5.596s] -- Installing: /home/channaveer/Project/install/ur_description/share/ur_description/meshes/ur3e/visual
[5.597s] -- Installing: /home/channaveer/Project/install/ur_description/share/ur_description/meshes/ur3e/visual/wrist2.dae
[5.618s] -- Installing: /home/channaveer/Project/install/ur_description/share/ur_description/meshes/ur3e/visual/wrist3.dae
[5.629s] -- Installing: /home/channaveer/Project/install/ur_description/share/ur_description/meshes/ur3e/visual/forearm.dae
[5.689s] -- Installing: /home/channaveer/Project/install/ur_description/share/ur_description/meshes/ur3e/visual/shoulder.dae
[5.744s] -- Installing: /home/channaveer/Project/install/ur_description/share/ur_description/meshes/ur3e/visual/base.dae
[5.764s] -- Installing: /home/channaveer/Project/install/ur_description/share/ur_description/meshes/ur3e/visual/wrist1.dae
[5.800s] -- Installing: /home/channaveer/Project/install/ur_description/share/ur_description/meshes/ur3e/visual/upperarm.dae
[5.810s] -- Installing: /home/channaveer/Project/install/ur_description/share/ur_description/meshes/ur30
[5.811s] -- Installing: /home/channaveer/Project/install/ur_description/share/ur_description/meshes/ur30/LICENSE.txt
[5.811s] -- Installing: /home/channaveer/Project/install/ur_description/share/ur_description/meshes/ur30/collision
[5.815s] -- Installing: /home/channaveer/Project/install/ur_description/share/ur_description/meshes/ur30/collision/forearm.stl
[5.823s] -- Installing: /home/channaveer/Project/install/ur_description/share/ur_description/meshes/ur30/collision/upperarm.stl
[5.824s] -- Installing: /home/channaveer/Project/install/ur_description/share/ur_description/meshes/ur30/visual
[5.824s] -- Installing: /home/channaveer/Project/install/ur_description/share/ur_description/meshes/ur30/visual/forearm.dae
[5.827s] -- Installing: /home/channaveer/Project/install/ur_description/share/ur_description/meshes/ur30/visual/UR30_DIFF_8bit_2K.png
[5.848s] -- Installing: /home/channaveer/Project/install/ur_description/share/ur_description/meshes/ur30/visual/upperarm.dae
[5.888s] -- Installing: /home/channaveer/Project/install/ur_description/share/ur_description/meshes/ur10e
[5.888s] -- Installing: /home/channaveer/Project/install/ur_description/share/ur_description/meshes/ur10e/collision
[5.888s] -- Installing: /home/channaveer/Project/install/ur_description/share/ur_description/meshes/ur10e/collision/forearm.stl
[5.901s] -- Installing: /home/channaveer/Project/install/ur_description/share/ur_description/meshes/ur10e/collision/wrist2.stl
[5.911s] -- Installing: /home/channaveer/Project/install/ur_description/share/ur_description/meshes/ur10e/collision/base.stl
[5.919s] -- Installing: /home/channaveer/Project/install/ur_description/share/ur_description/meshes/ur10e/collision/wrist1.stl
[5.925s] -- Installing: /home/channaveer/Project/install/ur_description/share/ur_description/meshes/ur10e/collision/upperarm.stl
[5.934s] -- Installing: /home/channaveer/Project/install/ur_description/share/ur_description/meshes/ur10e/collision/wrist3.stl
[5.948s] -- Installing: /home/channaveer/Project/install/ur_description/share/ur_description/meshes/ur10e/collision/shoulder.stl
[5.950s] -- Installing: /home/channaveer/Project/install/ur_description/share/ur_description/meshes/ur10e/visual
[5.958s] -- Installing: /home/channaveer/Project/install/ur_description/share/ur_description/meshes/ur10e/visual/wrist2.dae
[6.006s] -- Installing: /home/channaveer/Project/install/ur_description/share/ur_description/meshes/ur10e/visual/wrist3.dae
[6.022s] -- Installing: /home/channaveer/Project/install/ur_description/share/ur_description/meshes/ur10e/visual/forearm.dae
[6.081s] -- Installing: /home/channaveer/Project/install/ur_description/share/ur_description/meshes/ur10e/visual/shoulder.dae
[6.143s] -- Installing: /home/channaveer/Project/install/ur_description/share/ur_description/meshes/ur10e/visual/base.dae
[6.190s] -- Installing: /home/channaveer/Project/install/ur_description/share/ur_description/meshes/ur10e/visual/wrist1.dae
[6.214s] -- Installing: /home/channaveer/Project/install/ur_description/share/ur_description/meshes/ur10e/visual/upperarm.dae
[6.288s] -- Installing: /home/channaveer/Project/install/ur_description/share/ur_description/meshes/ur3
[6.288s] -- Installing: /home/channaveer/Project/install/ur_description/share/ur_description/meshes/ur3/collision
[6.297s] -- Installing: /home/channaveer/Project/install/ur_description/share/ur_description/meshes/ur3/collision/forearm.stl
[6.303s] -- Installing: /home/channaveer/Project/install/ur_description/share/ur_description/meshes/ur3/collision/wrist2.stl
[6.308s] -- Installing: /home/channaveer/Project/install/ur_description/share/ur_description/meshes/ur3/collision/base.stl
[6.319s] -- Installing: /home/channaveer/Project/install/ur_description/share/ur_description/meshes/ur3/collision/wrist1.stl
[6.320s] -- Installing: /home/channaveer/Project/install/ur_description/share/ur_description/meshes/ur3/collision/upperarm.stl
[6.343s] -- Installing: /home/channaveer/Project/install/ur_description/share/ur_description/meshes/ur3/collision/wrist3.stl
[6.345s] -- Installing: /home/channaveer/Project/install/ur_description/share/ur_description/meshes/ur3/collision/shoulder.stl
[6.347s] -- Installing: /home/channaveer/Project/install/ur_description/share/ur_description/meshes/ur3/visual
[6.348s] -- Installing: /home/channaveer/Project/install/ur_description/share/ur_description/meshes/ur3/visual/wrist2.dae
[6.355s] -- Installing: /home/channaveer/Project/install/ur_description/share/ur_description/meshes/ur3/visual/wrist3.dae
[6.355s] -- Installing: /home/channaveer/Project/install/ur_description/share/ur_description/meshes/ur3/visual/forearm.dae
[6.355s] -- Installing: /home/channaveer/Project/install/ur_description/share/ur_description/meshes/ur3/visual/shoulder.dae
[6.360s] -- Installing: /home/channaveer/Project/install/ur_description/share/ur_description/meshes/ur3/visual/base.dae
[6.380s] -- Installing: /home/channaveer/Project/install/ur_description/share/ur_description/meshes/ur3/visual/wrist1.dae
[6.441s] -- Installing: /home/channaveer/Project/install/ur_description/share/ur_description/meshes/ur3/visual/upperarm.dae
[6.537s] -- Installing: /home/channaveer/Project/install/ur_description/share/ur_description/rviz
[6.541s] -- Installing: /home/channaveer/Project/install/ur_description/share/ur_description/rviz/view_robot.rviz
[6.547s] -- Installing: /home/channaveer/Project/install/ur_description/share/ur_description/urdf
[6.556s] -- Installing: /home/channaveer/Project/install/ur_description/share/ur_description/urdf/ur.ros2_control.xacro
[6.571s] -- Installing: /home/channaveer/Project/install/ur_description/share/ur_description/urdf/inc
[6.577s] -- Installing: /home/channaveer/Project/install/ur_description/share/ur_description/urdf/inc/ur_transmissions.xacro
[6.583s] -- Installing: /home/channaveer/Project/install/ur_description/share/ur_description/urdf/inc/ur_common.xacro
[6.584s] -- Installing: /home/channaveer/Project/install/ur_description/share/ur_description/urdf/ur_macro.xacro
[6.588s] -- Installing: /home/channaveer/Project/install/ur_description/share/ur_description/urdf/ur.urdf.xacro
[6.588s] -- Installing: /home/channaveer/Project/install/ur_description/share/ur_description/test
[6.589s] -- Installing: /home/channaveer/Project/install/ur_description/share/ur_description/test/test_ur_urdf_xacro.py
[6.589s] -- Installing: /home/channaveer/Project/install/ur_description/share/ur_description/test/test_view_ur_launch.py
[6.589s] -- Installing: /home/channaveer/Project/install/ur_description/share/ament_index/resource_index/package_run_dependencies/ur_description
[6.589s] -- Installing: /home/channaveer/Project/install/ur_description/share/ament_index/resource_index/parent_prefix_path/ur_description
[6.589s] -- Installing: /home/channaveer/Project/install/ur_description/share/ur_description/environment/ament_prefix_path.sh
[6.589s] -- Installing: /home/channaveer/Project/install/ur_description/share/ur_description/environment/ament_prefix_path.dsv
[6.589s] -- Installing: /home/channaveer/Project/install/ur_description/share/ur_description/environment/path.sh
[6.589s] -- Installing: /home/channaveer/Project/install/ur_description/share/ur_description/environment/path.dsv
[6.589s] -- Installing: /home/channaveer/Project/install/ur_description/share/ur_description/local_setup.bash
[6.589s] -- Installing: /home/channaveer/Project/install/ur_description/share/ur_description/local_setup.sh
[6.589s] -- Installing: /home/channaveer/Project/install/ur_description/share/ur_description/local_setup.zsh
[6.590s] -- Installing: /home/channaveer/Project/install/ur_description/share/ur_description/local_setup.dsv
[6.591s] -- Installing: /home/channaveer/Project/install/ur_description/share/ur_description/package.dsv
[6.592s] -- Installing: /home/channaveer/Project/install/ur_description/share/ament_index/resource_index/packages/ur_description
[6.592s] -- Installing: /home/channaveer/Project/install/ur_description/share/ur_description/cmake/ur_descriptionConfig.cmake
[6.592s] -- Installing: /home/channaveer/Project/install/ur_description/share/ur_description/cmake/ur_descriptionConfig-version.cmake
[6.592s] -- Installing: /home/channaveer/Project/install/ur_description/share/ur_description/package.xml
[6.594s] Invoked command in '/home/channaveer/Project/build/ur_description' returned '0': CMAKE_PREFIX_PATH=${CMAKE_PREFIX_PATH}:/home/channaveer/Project/install/ur_keyboard_teleop:/home/channaveer/Project/install/rqt_joint_trajectory_controller:/home/channaveer/Project/install/ros2_controllers_test_nodes:/opt/ros/humble /usr/bin/cmake --install /home/channaveer/Project/build/ur_description
