[0.231s] Invoking command in '/home/channaveer/Project/build/ur_simulation_gazebo': AMENT_PREFIX_PATH=/home/channaveer/Project/install/ur_controllers:/home/channaveer/Project/install/ur_description:${AMENT_PREFIX_PATH} CMAKE_PREFIX_PATH=/home/channaveer/Project/install/ur_moveit_config:/home/channaveer/Project/install/ur_controllers:/home/channaveer/Project/install/ur_description:/home/channaveer/Project/install/ur_dashboard_msgs:/home/channaveer/Project/install/ur_teleop_config:/home/channaveer/Project/install/ros2_control_test_assets:/home/channaveer/Project/install/joint_limits:/home/channaveer/Project/install/hardware_interface:/home/channaveer/Project/install/controller_manager_msgs:/home/channaveer/Project/install/ur_keyboard_teleop:/home/channaveer/Project/install/rqt_joint_trajectory_controller:/home/channaveer/Project/install/ros2_controllers_test_nodes:/opt/ros/humble LD_LIBRARY_PATH=/home/channaveer/Project/install/ur_controllers/lib:${LD_LIBRARY_PATH} /usr/bin/cmake /home/channaveer/Project/src/Universal_Robots_ROS2_Gazebo_Simulation/ur_simulation_gazebo -DCMAKE_INSTALL_PREFIX=/home/channaveer/Project/install/ur_simulation_gazebo
[0.478s] -- The C compiler identification is GNU 11.4.0
[0.591s] -- The CXX compiler identification is GNU 11.4.0
[0.657s] -- Detecting C compiler ABI info
[0.809s] -- Detecting C compiler ABI info - done
[0.829s] -- Check for working C compiler: /usr/bin/cc - skipped
[0.830s] -- Detecting C compile features
[0.837s] -- Detecting C compile features - done
[0.888s] -- Detecting CXX compiler ABI info
[1.013s] -- Detecting CXX compiler ABI info - done
[1.020s] -- Check for working CXX compiler: /usr/bin/c++ - skipped
[1.021s] -- Detecting CXX compile features
[1.026s] -- Detecting CXX compile features - done
[1.173s] -- Found ament_cmake: 1.3.11 (/opt/ros/humble/share/ament_cmake/cmake)
[1.536s] -- Found Python3: /usr/bin/python3 (found version "3.10.12") found components: Interpreter 
[1.935s] -- Found launch_testing_ament_cmake: 1.0.8 (/opt/ros/humble/share/launch_testing_ament_cmake/cmake)
[1.957s] -- Found python_cmake_module: 0.10.0 (/opt/ros/humble/share/python_cmake_module/cmake)
[2.057s] -- Found PythonInterp: /usr/bin/python3 (found suitable version "3.10.12", minimum required is "3.6") 
[2.290s] -- Found PythonLibs: /usr/lib/x86_64-linux-gnu/libpython3.10.so (found suitable version "3.10.12", minimum required is "3.5") 
[2.290s] -- Using PYTHON_EXECUTABLE: /usr/bin/python3
[2.294s] -- Using PYTHON_INCLUDE_DIRS: /usr/include/python3.10
[2.294s] -- Using PYTHON_LIBRARIES: /usr/lib/x86_64-linux-gnu/libpython3.10.so
[2.395s] -- Found PythonExtra: .so  
[2.438s] -- Found ament_cmake_pytest: 1.3.11 (/opt/ros/humble/share/ament_cmake_pytest/cmake)
[2.577s] -- Configuring done
[2.577s] -- Generating done
[2.577s] -- Build files have been written to: /home/channaveer/Project/build/ur_simulation_gazebo
[2.753s] Invoked command in '/home/channaveer/Project/build/ur_simulation_gazebo' returned '0': AMENT_PREFIX_PATH=/home/channaveer/Project/install/ur_controllers:/home/channaveer/Project/install/ur_description:${AMENT_PREFIX_PATH} CMAKE_PREFIX_PATH=/home/channaveer/Project/install/ur_moveit_config:/home/channaveer/Project/install/ur_controllers:/home/channaveer/Project/install/ur_description:/home/channaveer/Project/install/ur_dashboard_msgs:/home/channaveer/Project/install/ur_teleop_config:/home/channaveer/Project/install/ros2_control_test_assets:/home/channaveer/Project/install/joint_limits:/home/channaveer/Project/install/hardware_interface:/home/channaveer/Project/install/controller_manager_msgs:/home/channaveer/Project/install/ur_keyboard_teleop:/home/channaveer/Project/install/rqt_joint_trajectory_controller:/home/channaveer/Project/install/ros2_controllers_test_nodes:/opt/ros/humble LD_LIBRARY_PATH=/home/channaveer/Project/install/ur_controllers/lib:${LD_LIBRARY_PATH} /usr/bin/cmake /home/channaveer/Project/src/Universal_Robots_ROS2_Gazebo_Simulation/ur_simulation_gazebo -DCMAKE_INSTALL_PREFIX=/home/channaveer/Project/install/ur_simulation_gazebo
[2.754s] Invoking command in '/home/channaveer/Project/build/ur_simulation_gazebo': AMENT_PREFIX_PATH=/home/channaveer/Project/install/ur_controllers:/home/channaveer/Project/install/ur_description:${AMENT_PREFIX_PATH} CMAKE_PREFIX_PATH=/home/channaveer/Project/install/ur_moveit_config:/home/channaveer/Project/install/ur_controllers:/home/channaveer/Project/install/ur_description:/home/channaveer/Project/install/ur_dashboard_msgs:/home/channaveer/Project/install/ur_teleop_config:/home/channaveer/Project/install/ros2_control_test_assets:/home/channaveer/Project/install/joint_limits:/home/channaveer/Project/install/hardware_interface:/home/channaveer/Project/install/controller_manager_msgs:/home/channaveer/Project/install/ur_keyboard_teleop:/home/channaveer/Project/install/rqt_joint_trajectory_controller:/home/channaveer/Project/install/ros2_controllers_test_nodes:/opt/ros/humble LD_LIBRARY_PATH=/home/channaveer/Project/install/ur_controllers/lib:${LD_LIBRARY_PATH} /usr/bin/cmake --build /home/channaveer/Project/build/ur_simulation_gazebo -- -j8 -l8
[2.950s] Invoked command in '/home/channaveer/Project/build/ur_simulation_gazebo' returned '0': AMENT_PREFIX_PATH=/home/channaveer/Project/install/ur_controllers:/home/channaveer/Project/install/ur_description:${AMENT_PREFIX_PATH} CMAKE_PREFIX_PATH=/home/channaveer/Project/install/ur_moveit_config:/home/channaveer/Project/install/ur_controllers:/home/channaveer/Project/install/ur_description:/home/channaveer/Project/install/ur_dashboard_msgs:/home/channaveer/Project/install/ur_teleop_config:/home/channaveer/Project/install/ros2_control_test_assets:/home/channaveer/Project/install/joint_limits:/home/channaveer/Project/install/hardware_interface:/home/channaveer/Project/install/controller_manager_msgs:/home/channaveer/Project/install/ur_keyboard_teleop:/home/channaveer/Project/install/rqt_joint_trajectory_controller:/home/channaveer/Project/install/ros2_controllers_test_nodes:/opt/ros/humble LD_LIBRARY_PATH=/home/channaveer/Project/install/ur_controllers/lib:${LD_LIBRARY_PATH} /usr/bin/cmake --build /home/channaveer/Project/build/ur_simulation_gazebo -- -j8 -l8
[2.951s] Invoking command in '/home/channaveer/Project/build/ur_simulation_gazebo': AMENT_PREFIX_PATH=/home/channaveer/Project/install/ur_controllers:/home/channaveer/Project/install/ur_description:${AMENT_PREFIX_PATH} CMAKE_PREFIX_PATH=/home/channaveer/Project/install/ur_moveit_config:/home/channaveer/Project/install/ur_controllers:/home/channaveer/Project/install/ur_description:/home/channaveer/Project/install/ur_dashboard_msgs:/home/channaveer/Project/install/ur_teleop_config:/home/channaveer/Project/install/ros2_control_test_assets:/home/channaveer/Project/install/joint_limits:/home/channaveer/Project/install/hardware_interface:/home/channaveer/Project/install/controller_manager_msgs:/home/channaveer/Project/install/ur_keyboard_teleop:/home/channaveer/Project/install/rqt_joint_trajectory_controller:/home/channaveer/Project/install/ros2_controllers_test_nodes:/opt/ros/humble LD_LIBRARY_PATH=/home/channaveer/Project/install/ur_controllers/lib:${LD_LIBRARY_PATH} /usr/bin/cmake --install /home/channaveer/Project/build/ur_simulation_gazebo
[2.993s] -- Install configuration: ""
[2.993s] -- Installing: /home/channaveer/Project/install/ur_simulation_gazebo/share/ur_simulation_gazebo/config
[2.993s] -- Installing: /home/channaveer/Project/install/ur_simulation_gazebo/share/ur_simulation_gazebo/config/ur_controllers.yaml
[3.008s] -- Installing: /home/channaveer/Project/install/ur_simulation_gazebo/share/ur_simulation_gazebo/launch
[3.034s] -- Installing: /home/channaveer/Project/install/ur_simulation_gazebo/share/ur_simulation_gazebo/launch/ur_sim_moveit.launch.py
[3.035s] -- Installing: /home/channaveer/Project/install/ur_simulation_gazebo/share/ur_simulation_gazebo/launch/ur_sim_control.launch.py
[3.035s] -- Installing: /home/channaveer/Project/install/ur_simulation_gazebo/share/ament_index/resource_index/package_run_dependencies/ur_simulation_gazebo
[3.035s] -- Installing: /home/channaveer/Project/install/ur_simulation_gazebo/share/ament_index/resource_index/parent_prefix_path/ur_simulation_gazebo
[3.035s] -- Installing: /home/channaveer/Project/install/ur_simulation_gazebo/share/ur_simulation_gazebo/environment/ament_prefix_path.sh
[3.035s] -- Installing: /home/channaveer/Project/install/ur_simulation_gazebo/share/ur_simulation_gazebo/environment/ament_prefix_path.dsv
[3.035s] -- Installing: /home/channaveer/Project/install/ur_simulation_gazebo/share/ur_simulation_gazebo/environment/path.sh
[3.035s] -- Installing: /home/channaveer/Project/install/ur_simulation_gazebo/share/ur_simulation_gazebo/environment/path.dsv
[3.035s] -- Installing: /home/channaveer/Project/install/ur_simulation_gazebo/share/ur_simulation_gazebo/local_setup.bash
[3.035s] -- Installing: /home/channaveer/Project/install/ur_simulation_gazebo/share/ur_simulation_gazebo/local_setup.sh
[3.035s] -- Installing: /home/channaveer/Project/install/ur_simulation_gazebo/share/ur_simulation_gazebo/local_setup.zsh
[3.035s] -- Installing: /home/channaveer/Project/install/ur_simulation_gazebo/share/ur_simulation_gazebo/local_setup.dsv
[3.035s] -- Installing: /home/channaveer/Project/install/ur_simulation_gazebo/share/ur_simulation_gazebo/package.dsv
[3.035s] -- Installing: /home/channaveer/Project/install/ur_simulation_gazebo/share/ament_index/resource_index/packages/ur_simulation_gazebo
[3.036s] -- Installing: /home/channaveer/Project/install/ur_simulation_gazebo/share/ur_simulation_gazebo/cmake/ur_simulation_gazeboConfig.cmake
[3.036s] -- Installing: /home/channaveer/Project/install/ur_simulation_gazebo/share/ur_simulation_gazebo/cmake/ur_simulation_gazeboConfig-version.cmake
[3.036s] -- Installing: /home/channaveer/Project/install/ur_simulation_gazebo/share/ur_simulation_gazebo/package.xml
[3.073s] Invoked command in '/home/channaveer/Project/build/ur_simulation_gazebo' returned '0': AMENT_PREFIX_PATH=/home/channaveer/Project/install/ur_controllers:/home/channaveer/Project/install/ur_description:${AMENT_PREFIX_PATH} CMAKE_PREFIX_PATH=/home/channaveer/Project/install/ur_moveit_config:/home/channaveer/Project/install/ur_controllers:/home/channaveer/Project/install/ur_description:/home/channaveer/Project/install/ur_dashboard_msgs:/home/channaveer/Project/install/ur_teleop_config:/home/channaveer/Project/install/ros2_control_test_assets:/home/channaveer/Project/install/joint_limits:/home/channaveer/Project/install/hardware_interface:/home/channaveer/Project/install/controller_manager_msgs:/home/channaveer/Project/install/ur_keyboard_teleop:/home/channaveer/Project/install/rqt_joint_trajectory_controller:/home/channaveer/Project/install/ros2_controllers_test_nodes:/opt/ros/humble LD_LIBRARY_PATH=/home/channaveer/Project/install/ur_controllers/lib:${LD_LIBRARY_PATH} /usr/bin/cmake --install /home/channaveer/Project/build/ur_simulation_gazebo
