-- Install configuration: ""
-- Up-to-date: /home/channaveer/Project/install/ur_teleop_config/share/ur_teleop_config//launch
-- Up-to-date: /home/channaveer/Project/install/ur_teleop_config/share/ur_teleop_config//launch/ur_robotiq_gazebo.launch.py
-- Up-to-date: /home/channaveer/Project/install/ur_teleop_config/share/ur_teleop_config//launch/ur_gazebo.launch.py
-- Up-to-date: /home/channaveer/Project/install/ur_teleop_config/share/ur_teleop_config//config
-- Up-to-date: /home/channaveer/Project/install/ur_teleop_config/share/ur_teleop_config//config/ur_controllers.yaml
-- Up-to-date: /home/channaveer/Project/install/ur_teleop_config/share/ament_index/resource_index/package_run_dependencies/ur_teleop_config
-- Up-to-date: /home/channaveer/Project/install/ur_teleop_config/share/ament_index/resource_index/parent_prefix_path/ur_teleop_config
-- Up-to-date: /home/channaveer/Project/install/ur_teleop_config/share/ur_teleop_config/environment/ament_prefix_path.sh
-- Up-to-date: /home/channaveer/Project/install/ur_teleop_config/share/ur_teleop_config/environment/ament_prefix_path.dsv
-- Up-to-date: /home/channaveer/Project/install/ur_teleop_config/share/ur_teleop_config/environment/path.sh
-- Up-to-date: /home/channaveer/Project/install/ur_teleop_config/share/ur_teleop_config/environment/path.dsv
-- Up-to-date: /home/channaveer/Project/install/ur_teleop_config/share/ur_teleop_config/local_setup.bash
-- Up-to-date: /home/channaveer/Project/install/ur_teleop_config/share/ur_teleop_config/local_setup.sh
-- Up-to-date: /home/channaveer/Project/install/ur_teleop_config/share/ur_teleop_config/local_setup.zsh
-- Up-to-date: /home/channaveer/Project/install/ur_teleop_config/share/ur_teleop_config/local_setup.dsv
-- Installing: /home/channaveer/Project/install/ur_teleop_config/share/ur_teleop_config/package.dsv
-- Up-to-date: /home/channaveer/Project/install/ur_teleop_config/share/ament_index/resource_index/packages/ur_teleop_config
-- Up-to-date: /home/channaveer/Project/install/ur_teleop_config/share/ur_teleop_config/cmake/ur_teleop_configConfig.cmake
-- Up-to-date: /home/channaveer/Project/install/ur_teleop_config/share/ur_teleop_config/cmake/ur_teleop_configConfig-version.cmake
-- Up-to-date: /home/channaveer/Project/install/ur_teleop_config/share/ur_teleop_config/package.xml
