[0.019s] Invoking command in '/home/channaveer/Project/build/ur_teleop_config': CMAKE_PREFIX_PATH=/home/channaveer/Project/install/ur_description:/home/channaveer/Project/install/ur_simulation_gazebo:/home/channaveer/Project/install/ur_bringup:/home/channaveer/Project/install/ur_controllers:/home/channaveer/Project/install/ur_teleop_config:/home/channaveer/Project/install/ur_moveit_config:/home/channaveer/Project/install/ur_dashboard_msgs:/home/channaveer/Project/install/ros2_control_test_assets:/home/channaveer/Project/install/joint_limits:/home/channaveer/Project/install/hardware_interface:/home/channaveer/Project/install/controller_manager_msgs:/home/channaveer/Project/install/ur_keyboard_teleop:/home/channaveer/Project/install/rqt_joint_trajectory_controller:/home/channaveer/Project/install/ros2_controllers_test_nodes:/opt/ros/humble /usr/bin/cmake --build /home/channaveer/Project/build/ur_teleop_config -- -j8 -l8
[0.126s] Invoked command in '/home/channaveer/Project/build/ur_teleop_config' returned '0': CMAKE_PREFIX_PATH=/home/channaveer/Project/install/ur_description:/home/channaveer/Project/install/ur_simulation_gazebo:/home/channaveer/Project/install/ur_bringup:/home/channaveer/Project/install/ur_controllers:/home/channaveer/Project/install/ur_teleop_config:/home/channaveer/Project/install/ur_moveit_config:/home/channaveer/Project/install/ur_dashboard_msgs:/home/channaveer/Project/install/ros2_control_test_assets:/home/channaveer/Project/install/joint_limits:/home/channaveer/Project/install/hardware_interface:/home/channaveer/Project/install/controller_manager_msgs:/home/channaveer/Project/install/ur_keyboard_teleop:/home/channaveer/Project/install/rqt_joint_trajectory_controller:/home/channaveer/Project/install/ros2_controllers_test_nodes:/opt/ros/humble /usr/bin/cmake --build /home/channaveer/Project/build/ur_teleop_config -- -j8 -l8
[0.165s] Invoking command in '/home/channaveer/Project/build/ur_teleop_config': CMAKE_PREFIX_PATH=/home/channaveer/Project/install/ur_description:/home/channaveer/Project/install/ur_simulation_gazebo:/home/channaveer/Project/install/ur_bringup:/home/channaveer/Project/install/ur_controllers:/home/channaveer/Project/install/ur_teleop_config:/home/channaveer/Project/install/ur_moveit_config:/home/channaveer/Project/install/ur_dashboard_msgs:/home/channaveer/Project/install/ros2_control_test_assets:/home/channaveer/Project/install/joint_limits:/home/channaveer/Project/install/hardware_interface:/home/channaveer/Project/install/controller_manager_msgs:/home/channaveer/Project/install/ur_keyboard_teleop:/home/channaveer/Project/install/rqt_joint_trajectory_controller:/home/channaveer/Project/install/ros2_controllers_test_nodes:/opt/ros/humble /usr/bin/cmake --install /home/channaveer/Project/build/ur_teleop_config
[0.182s] -- Install configuration: ""
[0.182s] -- Up-to-date: /home/channaveer/Project/install/ur_teleop_config/share/ur_teleop_config//launch
[0.182s] -- Up-to-date: /home/channaveer/Project/install/ur_teleop_config/share/ur_teleop_config//launch/ur_robotiq_gazebo.launch.py
[0.182s] -- Up-to-date: /home/channaveer/Project/install/ur_teleop_config/share/ur_teleop_config//launch/ur_gazebo.launch.py
[0.182s] -- Up-to-date: /home/channaveer/Project/install/ur_teleop_config/share/ur_teleop_config//config
[0.182s] -- Up-to-date: /home/channaveer/Project/install/ur_teleop_config/share/ur_teleop_config//config/ur_controllers.yaml
[0.182s] -- Up-to-date: /home/channaveer/Project/install/ur_teleop_config/share/ament_index/resource_index/package_run_dependencies/ur_teleop_config
[0.182s] -- Up-to-date: /home/channaveer/Project/install/ur_teleop_config/share/ament_index/resource_index/parent_prefix_path/ur_teleop_config
[0.182s] -- Up-to-date: /home/channaveer/Project/install/ur_teleop_config/share/ur_teleop_config/environment/ament_prefix_path.sh
[0.182s] -- Up-to-date: /home/channaveer/Project/install/ur_teleop_config/share/ur_teleop_config/environment/ament_prefix_path.dsv
[0.182s] -- Up-to-date: /home/channaveer/Project/install/ur_teleop_config/share/ur_teleop_config/environment/path.sh
[0.182s] -- Up-to-date: /home/channaveer/Project/install/ur_teleop_config/share/ur_teleop_config/environment/path.dsv
[0.182s] -- Up-to-date: /home/channaveer/Project/install/ur_teleop_config/share/ur_teleop_config/local_setup.bash
[0.182s] -- Up-to-date: /home/channaveer/Project/install/ur_teleop_config/share/ur_teleop_config/local_setup.sh
[0.182s] -- Up-to-date: /home/channaveer/Project/install/ur_teleop_config/share/ur_teleop_config/local_setup.zsh
[0.182s] -- Up-to-date: /home/channaveer/Project/install/ur_teleop_config/share/ur_teleop_config/local_setup.dsv
[0.182s] -- Installing: /home/channaveer/Project/install/ur_teleop_config/share/ur_teleop_config/package.dsv
[0.183s] -- Up-to-date: /home/channaveer/Project/install/ur_teleop_config/share/ament_index/resource_index/packages/ur_teleop_config
[0.183s] -- Up-to-date: /home/channaveer/Project/install/ur_teleop_config/share/ur_teleop_config/cmake/ur_teleop_configConfig.cmake
[0.183s] -- Up-to-date: /home/channaveer/Project/install/ur_teleop_config/share/ur_teleop_config/cmake/ur_teleop_configConfig-version.cmake
[0.184s] -- Up-to-date: /home/channaveer/Project/install/ur_teleop_config/share/ur_teleop_config/package.xml
[0.186s] Invoked command in '/home/channaveer/Project/build/ur_teleop_config' returned '0': CMAKE_PREFIX_PATH=/home/channaveer/Project/install/ur_description:/home/channaveer/Project/install/ur_simulation_gazebo:/home/channaveer/Project/install/ur_bringup:/home/channaveer/Project/install/ur_controllers:/home/channaveer/Project/install/ur_teleop_config:/home/channaveer/Project/install/ur_moveit_config:/home/channaveer/Project/install/ur_dashboard_msgs:/home/channaveer/Project/install/ros2_control_test_assets:/home/channaveer/Project/install/joint_limits:/home/channaveer/Project/install/hardware_interface:/home/channaveer/Project/install/controller_manager_msgs:/home/channaveer/Project/install/ur_keyboard_teleop:/home/channaveer/Project/install/rqt_joint_trajectory_controller:/home/channaveer/Project/install/ros2_controllers_test_nodes:/opt/ros/humble /usr/bin/cmake --install /home/channaveer/Project/build/ur_teleop_config
