[0.030s] Invoking command in '/home/channaveer/Project/build/ur_controllers': CMAKE_PREFIX_PATH=/home/channaveer/Project/install/ur_dashboard_msgs:/home/channaveer/Project/install/ur_teleop_config:/home/channaveer/Project/install/ur_moveit_config:/home/channaveer/Project/install/ros2_control_test_assets:/home/channaveer/Project/install/joint_limits:/home/channaveer/Project/install/hardware_interface:/home/channaveer/Project/install/controller_manager_msgs:/home/channaveer/Project/install/ur_keyboard_teleop:/home/channaveer/Project/install/rqt_joint_trajectory_controller:/home/channaveer/Project/install/ros2_controllers_test_nodes:/opt/ros/humble /usr/bin/cmake /home/channaveer/Project/src/Universal_Robots_ROS2_Driver/ur_controllers -DCMAKE_INSTALL_PREFIX=/home/channaveer/Project/install/ur_controllers
[0.149s] -- The C compiler identification is GNU 11.4.0
[0.230s] -- The CXX compiler identification is GNU 11.4.0
[0.238s] -- Detecting C compiler ABI info
[0.339s] -- Detecting C compiler ABI info - done
[0.347s] -- Check for working C compiler: /usr/bin/cc - skipped
[0.347s] -- Detecting C compile features
[0.347s] -- Detecting C compile features - done
[0.347s] -- Detecting CXX compiler ABI info
[0.436s] -- Detecting CXX compiler ABI info - done
[0.441s] -- Check for working CXX compiler: /usr/bin/c++ - skipped
[0.441s] -- Detecting CXX compile features
[0.441s] -- Detecting CXX compile features - done
[0.443s] -- Found ament_cmake: 1.3.11 (/opt/ros/humble/share/ament_cmake/cmake)
[0.598s] -- Found Python3: /usr/bin/python3 (found version "3.10.12") found components: Interpreter 
[0.670s] -- Found angles: 1.15.0 (/opt/ros/humble/share/angles/cmake)
[0.675s] -- Found controller_interface: 2.49.0 (/opt/ros/humble/share/controller_interface/cmake)
[0.745s] -- Found rosidl_generator_c: 3.1.6 (/opt/ros/humble/share/rosidl_generator_c/cmake)
[0.748s] -- Found rosidl_adapter: 3.1.6 (/opt/ros/humble/share/rosidl_adapter/cmake)
[0.754s] -- Found rosidl_generator_cpp: 3.1.6 (/opt/ros/humble/share/rosidl_generator_cpp/cmake)
[0.762s] -- Using all available rosidl_typesupport_c: rosidl_typesupport_fastrtps_c;rosidl_typesupport_introspection_c
[0.774s] -- Using all available rosidl_typesupport_cpp: rosidl_typesupport_fastrtps_cpp;rosidl_typesupport_introspection_cpp
[1.277s] -- Found rmw_implementation_cmake: 6.1.2 (/opt/ros/humble/share/rmw_implementation_cmake/cmake)
[1.297s] -- Found rmw_fastrtps_cpp: 6.2.7 (/opt/ros/humble/share/rmw_fastrtps_cpp/cmake)
[1.421s] -- Found TinyXML2 via Config file: TinyXML2_DIR-NOTFOUND
[1.547s] -- Found OpenSSL: /usr/lib/x86_64-linux-gnu/libcrypto.so (found version "3.0.2")  
[1.554s] -- Found TinyXML2 via Config file: TinyXML2_DIR-NOTFOUND
[1.622s] -- Found FastRTPS: /opt/ros/humble/include  
[1.631s] -- Found TinyXML2 via Config file: TinyXML2_DIR-NOTFOUND
[1.638s] -- Found TinyXML2 via Config file: TinyXML2_DIR-NOTFOUND
[1.649s] -- Using RMW implementation 'rmw_fastrtps_cpp' as default
[1.670s] -- Looking for pthread.h
[1.787s] -- Looking for pthread.h - found
[1.788s] -- Performing Test CMAKE_HAVE_LIBC_PTHREAD
[1.871s] -- Performing Test CMAKE_HAVE_LIBC_PTHREAD - Success
[1.872s] -- Found Threads: TRUE  
[1.970s] -- Found joint_trajectory_controller: 2.43.0 (/opt/ros/humble/share/joint_trajectory_controller/cmake)
[2.085s] -- Found std_srvs: 4.8.0 (/opt/ros/humble/share/std_srvs/cmake)
[2.156s] -- Found tf2_geometry_msgs: 0.25.12 (/opt/ros/humble/share/tf2_geometry_msgs/cmake)
[2.171s] -- Found eigen3_cmake_module: 0.1.1 (/opt/ros/humble/share/eigen3_cmake_module/cmake)
[2.173s] -- Found Eigen3: TRUE (found version "3.4.0") 
[2.174s] -- Ensuring Eigen3 include directory is part of orocos-kdl CMake target
[2.373s] -- Found ur_dashboard_msgs: 2.6.0 (/home/channaveer/Project/install/ur_dashboard_msgs/share/ur_dashboard_msgs/cmake)
[2.388s] -- Found ur_msgs: 2.2.0 (/opt/ros/humble/share/ur_msgs/cmake)
[2.432s] -- Found ament_cmake_gmock: 1.3.11 (/opt/ros/humble/share/ament_cmake_gmock/cmake)
[2.451s] -- Found controller_manager: 2.49.0 (/opt/ros/humble/share/controller_manager/cmake)
[2.487s] -- Found ros2_control_test_assets: 2.49.0 (/opt/ros/humble/share/ros2_control_test_assets/cmake)
[2.494s] -- Found gmock sources under '/opt/ros/humble/src/gmock_vendor': C++ tests using 'Google Mock' will be built
[2.500s] -- Found ament_cmake_gtest: 1.3.11 (/opt/ros/humble/share/ament_cmake_gtest/cmake)
[2.526s] -- Found gtest sources under '/opt/ros/humble/src/gtest_vendor': C++ tests using 'Google Test' will be built
[2.657s] -- Configuring done
[2.848s] -- Generating done
[2.856s] -- Build files have been written to: /home/channaveer/Project/build/ur_controllers
[2.875s] Invoked command in '/home/channaveer/Project/build/ur_controllers' returned '0': CMAKE_PREFIX_PATH=/home/channaveer/Project/install/ur_dashboard_msgs:/home/channaveer/Project/install/ur_teleop_config:/home/channaveer/Project/install/ur_moveit_config:/home/channaveer/Project/install/ros2_control_test_assets:/home/channaveer/Project/install/joint_limits:/home/channaveer/Project/install/hardware_interface:/home/channaveer/Project/install/controller_manager_msgs:/home/channaveer/Project/install/ur_keyboard_teleop:/home/channaveer/Project/install/rqt_joint_trajectory_controller:/home/channaveer/Project/install/ros2_controllers_test_nodes:/opt/ros/humble /usr/bin/cmake /home/channaveer/Project/src/Universal_Robots_ROS2_Driver/ur_controllers -DCMAKE_INSTALL_PREFIX=/home/channaveer/Project/install/ur_controllers
[2.876s] Invoking command in '/home/channaveer/Project/build/ur_controllers': CMAKE_PREFIX_PATH=/home/channaveer/Project/install/ur_dashboard_msgs:/home/channaveer/Project/install/ur_teleop_config:/home/channaveer/Project/install/ur_moveit_config:/home/channaveer/Project/install/ros2_control_test_assets:/home/channaveer/Project/install/joint_limits:/home/channaveer/Project/install/hardware_interface:/home/channaveer/Project/install/controller_manager_msgs:/home/channaveer/Project/install/ur_keyboard_teleop:/home/channaveer/Project/install/rqt_joint_trajectory_controller:/home/channaveer/Project/install/ros2_controllers_test_nodes:/opt/ros/humble /usr/bin/cmake --build /home/channaveer/Project/build/ur_controllers -- -j8 -l8
[2.938s] [  3%] [34m[1mRunning `/opt/ros/humble/bin/generate_parameter_library_cpp /home/channaveer/Project/build/ur_controllers/include/ur_controllers/force_mode_controller_parameters.hpp /home/channaveer/Project/src/Universal_Robots_ROS2_Driver/ur_controllers/src/force_mode_controller_parameters.yaml `[0m
[2.939s] [  6%] [34m[1mRunning `/opt/ros/humble/bin/generate_parameter_library_cpp /home/channaveer/Project/build/ur_controllers/include/ur_controllers/gpio_controller_parameters.hpp /home/channaveer/Project/src/Universal_Robots_ROS2_Driver/ur_controllers/src/gpio_controller_parameters.yaml `[0m
[2.940s] [  9%] [34m[1mRunning `/opt/ros/humble/bin/generate_parameter_library_cpp /home/channaveer/Project/build/ur_controllers/include/ur_controllers/scaled_joint_trajectory_controller_parameters.hpp /home/channaveer/Project/src/Universal_Robots_ROS2_Driver/ur_controllers/src/scaled_joint_trajectory_controller_parameters.yaml `[0m
[2.943s] [ 12%] [34m[1mRunning `/opt/ros/humble/bin/generate_parameter_library_cpp /home/channaveer/Project/build/ur_controllers/include/ur_controllers/speed_scaling_state_broadcaster_parameters.hpp /home/channaveer/Project/src/Universal_Robots_ROS2_Driver/ur_controllers/src/speed_scaling_state_broadcaster_parameters.yaml `[0m
[2.947s] [ 16%] [34m[1mRunning `/opt/ros/humble/bin/generate_parameter_library_cpp /home/channaveer/Project/build/ur_controllers/include/ur_controllers/freedrive_mode_controller_parameters.hpp /home/channaveer/Project/src/Universal_Robots_ROS2_Driver/ur_controllers/src/freedrive_mode_controller_parameters.yaml `[0m
[3.367s] [ 19%] [34m[1mCreating deprecated header file /home/channaveer/Project/build/ur_controllers/include/scaled_joint_trajectory_controller_parameters.hpp[0m
[3.445s] [ 22%] [34m[1mCreating deprecated header file /home/channaveer/Project/build/ur_controllers/include/speed_scaling_state_broadcaster_parameters.hpp[0m
[3.445s] [ 25%] [34m[1mCreating deprecated header file /home/channaveer/Project/build/ur_controllers/include/force_mode_controller_parameters.hpp[0m
[3.464s] [ 29%] [34m[1mCreating deprecated header file /home/channaveer/Project/build/ur_controllers/include/gpio_controller_parameters.hpp[0m
[3.497s] [ 32%] [34m[1mCreating deprecated header file /home/channaveer/Project/build/ur_controllers/include/freedrive_mode_controller_parameters.hpp[0m
[3.622s] [ 32%] Built target scaled_joint_trajectory_controller_parameters
[3.623s] [ 32%] Built target force_mode_controller_parameters
[3.635s] [ 32%] Built target speed_scaling_state_broadcaster_parameters
[3.637s] [ 32%] Built target gpio_controller_parameters
[3.644s] [ 32%] Built target freedrive_mode_controller_parameters
[3.645s] [ 35%] [34m[1mRunning `/opt/ros/humble/bin/generate_parameter_library_cpp /home/channaveer/Project/build/ur_controllers/include/ur_controllers/ur_configuration_controller_parameters.hpp /home/channaveer/Project/src/Universal_Robots_ROS2_Driver/ur_controllers/src/ur_configuration_controller_parameters.yaml `[0m
[3.654s] [ 38%] [32mBuilding CXX object gmock/CMakeFiles/gmock_main.dir/src/gmock_main.cc.o[0m
[3.657s] [ 41%] [34m[1mRunning `/opt/ros/humble/bin/generate_parameter_library_cpp /home/channaveer/Project/build/ur_controllers/include/ur_controllers/passthrough_trajectory_controller_parameters.hpp /home/channaveer/Project/src/Universal_Robots_ROS2_Driver/ur_controllers/src/passthrough_trajectory_controller_parameters.yaml `[0m
[3.657s] [ 45%] [32mBuilding CXX object gmock/CMakeFiles/gmock.dir/opt/ros/humble/src/gtest_vendor/src/gtest-all.cc.o[0m
[3.659s] [ 48%] [32mBuilding CXX object gmock/CMakeFiles/gmock.dir/src/gmock-all.cc.o[0m
[4.119s] [ 51%] [34m[1mCreating deprecated header file /home/channaveer/Project/build/ur_controllers/include/ur_configuration_controller_parameters.hpp[0m
[4.381s] [ 51%] Built target ur_configuration_controller_parameters
[4.436s] [ 54%] [34m[1mCreating deprecated header file /home/channaveer/Project/build/ur_controllers/include/passthrough_trajectory_controller_parameters.hpp[0m
[4.581s] [ 54%] Built target passthrough_trajectory_controller_parameters
[4.644s] [ 61%] [32mBuilding CXX object CMakeFiles/ur_controllers.dir/src/scaled_joint_trajectory_controller.cpp.o[0m
[4.646s] [ 61%] [32mBuilding CXX object CMakeFiles/ur_controllers.dir/src/speed_scaling_state_broadcaster.cpp.o[0m
[4.646s] [ 64%] [32mBuilding CXX object CMakeFiles/ur_controllers.dir/src/force_mode_controller.cpp.o[0m
[4.647s] [ 67%] [32mBuilding CXX object CMakeFiles/ur_controllers.dir/src/freedrive_mode_controller.cpp.o[0m
[5.817s] [ 70%] [32mBuilding CXX object CMakeFiles/ur_controllers.dir/src/gpio_controller.cpp.o[0m
[7.595s] [ 74%] [32m[1mLinking CXX static library libgmock_main.a[0m
[7.866s] [ 74%] Built target gmock_main
[7.891s] [ 77%] [32mBuilding CXX object CMakeFiles/ur_controllers.dir/src/passthrough_trajectory_controller.cpp.o[0m
[9.230s] [ 80%] [32mBuilding CXX object CMakeFiles/ur_controllers.dir/src/ur_configuration_controller.cpp.o[0m
[13.596s] [ 83%] [32m[1mLinking CXX static library libgmock.a[0m
[13.956s] [ 83%] Built target gmock
[30.900s] [ 87%] [32m[1mLinking CXX shared library libur_controllers.so[0m
[34.620s] [ 87%] Built target ur_controllers
[34.754s] [ 90%] [32mBuilding CXX object CMakeFiles/test_load_force_mode_controller.dir/test/test_load_force_mode_controller.cpp.o[0m
[43.375s] [ 93%] [32m[1mLinking CXX executable test_load_force_mode_controller[0m
[43.923s] [ 93%] Built target test_load_force_mode_controller
[43.947s] [ 96%] [32mBuilding CXX object CMakeFiles/test_load_freedrive_mode_controller.dir/test/test_load_freedrive_mode_controller.cpp.o[0m
[49.447s] [100%] [32m[1mLinking CXX executable test_load_freedrive_mode_controller[0m
[49.923s] [100%] Built target test_load_freedrive_mode_controller
[49.937s] Invoked command in '/home/channaveer/Project/build/ur_controllers' returned '0': CMAKE_PREFIX_PATH=/home/channaveer/Project/install/ur_dashboard_msgs:/home/channaveer/Project/install/ur_teleop_config:/home/channaveer/Project/install/ur_moveit_config:/home/channaveer/Project/install/ros2_control_test_assets:/home/channaveer/Project/install/joint_limits:/home/channaveer/Project/install/hardware_interface:/home/channaveer/Project/install/controller_manager_msgs:/home/channaveer/Project/install/ur_keyboard_teleop:/home/channaveer/Project/install/rqt_joint_trajectory_controller:/home/channaveer/Project/install/ros2_controllers_test_nodes:/opt/ros/humble /usr/bin/cmake --build /home/channaveer/Project/build/ur_controllers -- -j8 -l8
[49.939s] Invoking command in '/home/channaveer/Project/build/ur_controllers': CMAKE_PREFIX_PATH=/home/channaveer/Project/install/ur_dashboard_msgs:/home/channaveer/Project/install/ur_teleop_config:/home/channaveer/Project/install/ur_moveit_config:/home/channaveer/Project/install/ros2_control_test_assets:/home/channaveer/Project/install/joint_limits:/home/channaveer/Project/install/hardware_interface:/home/channaveer/Project/install/controller_manager_msgs:/home/channaveer/Project/install/ur_keyboard_teleop:/home/channaveer/Project/install/rqt_joint_trajectory_controller:/home/channaveer/Project/install/ros2_controllers_test_nodes:/opt/ros/humble /usr/bin/cmake --install /home/channaveer/Project/build/ur_controllers
[49.962s] -- Install configuration: ""
[49.962s] -- Installing: /home/channaveer/Project/install/ur_controllers/include/ur_controllers
[49.966s] -- Installing: /home/channaveer/Project/install/ur_controllers/include/ur_controllers/ur_configuration_controller_parameters.hpp
[49.968s] -- Installing: /home/channaveer/Project/install/ur_controllers/include/ur_controllers/freedrive_mode_controller_parameters.hpp
[49.968s] -- Installing: /home/channaveer/Project/install/ur_controllers/include/ur_controllers/speed_scaling_state_broadcaster_parameters.hpp
[49.968s] -- Installing: /home/channaveer/Project/install/ur_controllers/include/ur_controllers/passthrough_trajectory_controller_parameters.hpp
[49.968s] -- Installing: /home/channaveer/Project/install/ur_controllers/include/ur_controllers/scaled_joint_trajectory_controller_parameters.hpp
[49.968s] -- Installing: /home/channaveer/Project/install/ur_controllers/include/ur_controllers/gpio_controller_parameters.hpp
[49.968s] -- Installing: /home/channaveer/Project/install/ur_controllers/include/ur_controllers/force_mode_controller_parameters.hpp
[49.968s] -- Up-to-date: /home/channaveer/Project/install/ur_controllers/include/ur_controllers
[49.968s] -- Up-to-date: /home/channaveer/Project/install/ur_controllers/include/ur_controllers/ur_configuration_controller_parameters.hpp
[49.968s] -- Up-to-date: /home/channaveer/Project/install/ur_controllers/include/ur_controllers/freedrive_mode_controller_parameters.hpp
[49.968s] -- Up-to-date: /home/channaveer/Project/install/ur_controllers/include/ur_controllers/speed_scaling_state_broadcaster_parameters.hpp
[49.968s] -- Up-to-date: /home/channaveer/Project/install/ur_controllers/include/ur_controllers/passthrough_trajectory_controller_parameters.hpp
[49.968s] -- Up-to-date: /home/channaveer/Project/install/ur_controllers/include/ur_controllers/scaled_joint_trajectory_controller_parameters.hpp
[49.968s] -- Up-to-date: /home/channaveer/Project/install/ur_controllers/include/ur_controllers/gpio_controller_parameters.hpp
[49.968s] -- Up-to-date: /home/channaveer/Project/install/ur_controllers/include/ur_controllers/force_mode_controller_parameters.hpp
[49.969s] -- Up-to-date: /home/channaveer/Project/install/ur_controllers/include/ur_controllers
[49.969s] -- Up-to-date: /home/channaveer/Project/install/ur_controllers/include/ur_controllers/ur_configuration_controller_parameters.hpp
[49.969s] -- Up-to-date: /home/channaveer/Project/install/ur_controllers/include/ur_controllers/freedrive_mode_controller_parameters.hpp
[49.969s] -- Up-to-date: /home/channaveer/Project/install/ur_controllers/include/ur_controllers/speed_scaling_state_broadcaster_parameters.hpp
[49.969s] -- Up-to-date: /home/channaveer/Project/install/ur_controllers/include/ur_controllers/passthrough_trajectory_controller_parameters.hpp
[49.969s] -- Up-to-date: /home/channaveer/Project/install/ur_controllers/include/ur_controllers/scaled_joint_trajectory_controller_parameters.hpp
[49.969s] -- Up-to-date: /home/channaveer/Project/install/ur_controllers/include/ur_controllers/gpio_controller_parameters.hpp
[49.969s] -- Up-to-date: /home/channaveer/Project/install/ur_controllers/include/ur_controllers/force_mode_controller_parameters.hpp
[49.969s] -- Up-to-date: /home/channaveer/Project/install/ur_controllers/include/ur_controllers
[49.969s] -- Up-to-date: /home/channaveer/Project/install/ur_controllers/include/ur_controllers/ur_configuration_controller_parameters.hpp
[49.969s] -- Up-to-date: /home/channaveer/Project/install/ur_controllers/include/ur_controllers/freedrive_mode_controller_parameters.hpp
[49.969s] -- Up-to-date: /home/channaveer/Project/install/ur_controllers/include/ur_controllers/speed_scaling_state_broadcaster_parameters.hpp
[49.969s] -- Up-to-date: /home/channaveer/Project/install/ur_controllers/include/ur_controllers/passthrough_trajectory_controller_parameters.hpp
[49.969s] -- Up-to-date: /home/channaveer/Project/install/ur_controllers/include/ur_controllers/scaled_joint_trajectory_controller_parameters.hpp
[49.969s] -- Up-to-date: /home/channaveer/Project/install/ur_controllers/include/ur_controllers/gpio_controller_parameters.hpp
[49.969s] -- Up-to-date: /home/channaveer/Project/install/ur_controllers/include/ur_controllers/force_mode_controller_parameters.hpp
[49.969s] -- Up-to-date: /home/channaveer/Project/install/ur_controllers/include/ur_controllers
[49.969s] -- Up-to-date: /home/channaveer/Project/install/ur_controllers/include/ur_controllers/ur_configuration_controller_parameters.hpp
[49.969s] -- Up-to-date: /home/channaveer/Project/install/ur_controllers/include/ur_controllers/freedrive_mode_controller_parameters.hpp
[49.969s] -- Up-to-date: /home/channaveer/Project/install/ur_controllers/include/ur_controllers/speed_scaling_state_broadcaster_parameters.hpp
[49.969s] -- Up-to-date: /home/channaveer/Project/install/ur_controllers/include/ur_controllers/passthrough_trajectory_controller_parameters.hpp
[49.969s] -- Up-to-date: /home/channaveer/Project/install/ur_controllers/include/ur_controllers/scaled_joint_trajectory_controller_parameters.hpp
[49.969s] -- Up-to-date: /home/channaveer/Project/install/ur_controllers/include/ur_controllers/gpio_controller_parameters.hpp
[49.969s] -- Up-to-date: /home/channaveer/Project/install/ur_controllers/include/ur_controllers/force_mode_controller_parameters.hpp
[49.969s] -- Up-to-date: /home/channaveer/Project/install/ur_controllers/include/ur_controllers
[49.969s] -- Up-to-date: /home/channaveer/Project/install/ur_controllers/include/ur_controllers/ur_configuration_controller_parameters.hpp
[49.969s] -- Up-to-date: /home/channaveer/Project/install/ur_controllers/include/ur_controllers/freedrive_mode_controller_parameters.hpp
[49.969s] -- Up-to-date: /home/channaveer/Project/install/ur_controllers/include/ur_controllers/speed_scaling_state_broadcaster_parameters.hpp
[49.969s] -- Up-to-date: /home/channaveer/Project/install/ur_controllers/include/ur_controllers/passthrough_trajectory_controller_parameters.hpp
[49.969s] -- Up-to-date: /home/channaveer/Project/install/ur_controllers/include/ur_controllers/scaled_joint_trajectory_controller_parameters.hpp
[49.969s] -- Up-to-date: /home/channaveer/Project/install/ur_controllers/include/ur_controllers/gpio_controller_parameters.hpp
[49.969s] -- Up-to-date: /home/channaveer/Project/install/ur_controllers/include/ur_controllers/force_mode_controller_parameters.hpp
[49.969s] -- Up-to-date: /home/channaveer/Project/install/ur_controllers/include/ur_controllers
[49.969s] -- Up-to-date: /home/channaveer/Project/install/ur_controllers/include/ur_controllers/ur_configuration_controller_parameters.hpp
[49.969s] -- Up-to-date: /home/channaveer/Project/install/ur_controllers/include/ur_controllers/freedrive_mode_controller_parameters.hpp
[49.969s] -- Up-to-date: /home/channaveer/Project/install/ur_controllers/include/ur_controllers/speed_scaling_state_broadcaster_parameters.hpp
[49.969s] -- Up-to-date: /home/channaveer/Project/install/ur_controllers/include/ur_controllers/passthrough_trajectory_controller_parameters.hpp
[49.969s] -- Up-to-date: /home/channaveer/Project/install/ur_controllers/include/ur_controllers/scaled_joint_trajectory_controller_parameters.hpp
[49.969s] -- Up-to-date: /home/channaveer/Project/install/ur_controllers/include/ur_controllers/gpio_controller_parameters.hpp
[49.969s] -- Up-to-date: /home/channaveer/Project/install/ur_controllers/include/ur_controllers/force_mode_controller_parameters.hpp
[49.969s] -- Installing: /home/channaveer/Project/install/ur_controllers/share/ur_controllers/controller_plugins.xml
[49.970s] -- Installing: /home/channaveer/Project/install/ur_controllers/lib/libur_controllers.so
[49.978s] -- Set runtime path of "/home/channaveer/Project/install/ur_controllers/lib/libur_controllers.so" to ""
[49.979s] -- Up-to-date: /home/channaveer/Project/install/ur_controllers/include
[49.979s] -- Up-to-date: /home/channaveer/Project/install/ur_controllers/include/ur_controllers
[49.983s] -- Installing: /home/channaveer/Project/install/ur_controllers/include/ur_controllers/force_mode_controller.hpp
[49.983s] -- Installing: /home/channaveer/Project/install/ur_controllers/include/ur_controllers/ur_configuration_controller.hpp
[49.985s] -- Installing: /home/channaveer/Project/install/ur_controllers/include/ur_controllers/gpio_controller.hpp
[49.986s] -- Installing: /home/channaveer/Project/install/ur_controllers/include/ur_controllers/passthrough_trajectory_controller.hpp
[49.987s] -- Installing: /home/channaveer/Project/install/ur_controllers/include/ur_controllers/freedrive_mode_controller.hpp
[49.987s] -- Installing: /home/channaveer/Project/install/ur_controllers/include/ur_controllers/speed_scaling_state_broadcaster.hpp
[49.988s] -- Installing: /home/channaveer/Project/install/ur_controllers/include/ur_controllers/scaled_joint_trajectory_controller.hpp
[49.988s] -- Up-to-date: /home/channaveer/Project/install/ur_controllers/share/ur_controllers/controller_plugins.xml
[49.988s] -- Installing: /home/channaveer/Project/install/ur_controllers/share/ur_controllers/environment/library_path.sh
[49.989s] -- Installing: /home/channaveer/Project/install/ur_controllers/share/ur_controllers/environment/library_path.dsv
[49.989s] -- Installing: /home/channaveer/Project/install/ur_controllers/share/ament_index/resource_index/package_run_dependencies/ur_controllers
[49.989s] -- Installing: /home/channaveer/Project/install/ur_controllers/share/ament_index/resource_index/parent_prefix_path/ur_controllers
[49.989s] -- Installing: /home/channaveer/Project/install/ur_controllers/share/ur_controllers/environment/ament_prefix_path.sh
[49.990s] -- Installing: /home/channaveer/Project/install/ur_controllers/share/ur_controllers/environment/ament_prefix_path.dsv
[49.990s] -- Installing: /home/channaveer/Project/install/ur_controllers/share/ur_controllers/environment/path.sh
[49.991s] -- Installing: /home/channaveer/Project/install/ur_controllers/share/ur_controllers/environment/path.dsv
[49.991s] -- Installing: /home/channaveer/Project/install/ur_controllers/share/ur_controllers/local_setup.bash
[49.991s] -- Installing: /home/channaveer/Project/install/ur_controllers/share/ur_controllers/local_setup.sh
[49.991s] -- Installing: /home/channaveer/Project/install/ur_controllers/share/ur_controllers/local_setup.zsh
[49.992s] -- Installing: /home/channaveer/Project/install/ur_controllers/share/ur_controllers/local_setup.dsv
[49.992s] -- Installing: /home/channaveer/Project/install/ur_controllers/share/ur_controllers/package.dsv
[49.992s] -- Installing: /home/channaveer/Project/install/ur_controllers/share/ament_index/resource_index/packages/ur_controllers
[49.992s] -- Installing: /home/channaveer/Project/install/ur_controllers/share/ament_index/resource_index/controller_interface__pluginlib__plugin/ur_controllers
[49.992s] -- Installing: /home/channaveer/Project/install/ur_controllers/share/ur_controllers/cmake/ament_cmake_export_dependencies-extras.cmake
[49.992s] -- Installing: /home/channaveer/Project/install/ur_controllers/share/ur_controllers/cmake/ament_cmake_export_include_directories-extras.cmake
[49.993s] -- Installing: /home/channaveer/Project/install/ur_controllers/share/ur_controllers/cmake/ament_cmake_export_libraries-extras.cmake
[49.993s] -- Installing: /home/channaveer/Project/install/ur_controllers/share/ur_controllers/cmake/ur_controllersConfig.cmake
[49.993s] -- Installing: /home/channaveer/Project/install/ur_controllers/share/ur_controllers/cmake/ur_controllersConfig-version.cmake
[49.993s] -- Installing: /home/channaveer/Project/install/ur_controllers/share/ur_controllers/package.xml
[49.996s] Invoked command in '/home/channaveer/Project/build/ur_controllers' returned '0': CMAKE_PREFIX_PATH=/home/channaveer/Project/install/ur_dashboard_msgs:/home/channaveer/Project/install/ur_teleop_config:/home/channaveer/Project/install/ur_moveit_config:/home/channaveer/Project/install/ros2_control_test_assets:/home/channaveer/Project/install/joint_limits:/home/channaveer/Project/install/hardware_interface:/home/channaveer/Project/install/controller_manager_msgs:/home/channaveer/Project/install/ur_keyboard_teleop:/home/channaveer/Project/install/rqt_joint_trajectory_controller:/home/channaveer/Project/install/ros2_controllers_test_nodes:/opt/ros/humble /usr/bin/cmake --install /home/channaveer/Project/build/ur_controllers
